<?xml version="1.0" encoding="UTF-8"?>
<testsuite name="org.example.catalogservice.web.BookJsonTests" tests="2" skipped="0" failures="0" errors="0" timestamp="2023-02-07T11:43:37" hostname="DESKTOP-EDQVJOM" time="10.668">
  <properties/>
  <testcase name="testSerialize()" classname="org.example.catalogservice.web.BookJsonTests" time="9.839"/>
  <testcase name="testDeserialize()" classname="org.example.catalogservice.web.BookJsonTests" time="0.825"/>
  <system-out><![CDATA[19:43:05.876 [Test worker] DEBUG org.springframework.test.context.BootstrapUtils - Instantiating CacheAwareContextLoaderDelegate from class [org.springframework.test.context.cache.DefaultCacheAwareContextLoaderDelegate]
19:43:06.097 [Test worker] DEBUG org.springframework.test.context.BootstrapUtils - Instantiating BootstrapContext using constructor [public org.springframework.test.context.support.DefaultBootstrapContext(java.lang.Class,org.springframework.test.context.CacheAwareContextLoaderDelegate)]
19:43:06.522 [Test worker] DEBUG org.springframework.test.context.BootstrapUtils - Instantiating TestContextBootstrapper for test class [org.example.catalogservice.web.BookJsonTests] from class [org.springframework.boot.test.autoconfigure.json.JsonTestContextBootstrapper]
19:43:07.019 [Test worker] INFO org.springframework.boot.test.autoconfigure.json.JsonTestContextBootstrapper - Neither @ContextConfiguration nor @ContextHierarchy found for test class [org.example.catalogservice.web.BookJsonTests], using SpringBootContextLoader
19:43:07.088 [Test worker] DEBUG org.springframework.test.context.support.AbstractContextLoader - Did not detect default resource location for test class [org.example.catalogservice.web.BookJsonTests]: class path resource [org/example/catalogservice/web/BookJsonTests-context.xml] does not exist
19:43:07.097 [Test worker] DEBUG org.springframework.test.context.support.AbstractContextLoader - Did not detect default resource location for test class [org.example.catalogservice.web.BookJsonTests]: class path resource [org/example/catalogservice/web/BookJsonTestsContext.groovy] does not exist
19:43:07.097 [Test worker] INFO org.springframework.test.context.support.AbstractContextLoader - Could not detect default resource locations for test class [org.example.catalogservice.web.BookJsonTests]: no resource found for suffixes {-context.xml, Context.groovy}.
19:43:07.104 [Test worker] INFO org.springframework.test.context.support.AnnotationConfigContextLoaderUtils - Could not detect default configuration classes for test class [org.example.catalogservice.web.BookJsonTests]: BookJsonTests does not declare any static, non-private, non-final, nested classes annotated with @Configuration.
19:43:08.174 [Test worker] DEBUG org.springframework.test.context.support.ActiveProfilesUtils - Could not find an 'annotation declaring class' for annotation type [org.springframework.test.context.ActiveProfiles] and class [org.example.catalogservice.web.BookJsonTests]
19:43:09.148 [Test worker] DEBUG org.springframework.context.annotation.ClassPathScanningCandidateComponentProvider - Identified candidate component class: file [/mnt/f/code-excercise/spring/cloud-native-spring-in-action/ch02/catalog-service/build/classes/java/main/org/example/Main.class]
19:43:09.159 [Test worker] INFO org.springframework.boot.test.context.SpringBootTestContextBootstrapper - Found @SpringBootConfiguration org.example.Main for test class org.example.catalogservice.web.BookJsonTests
19:43:09.192 [Test worker] DEBUG org.springframework.boot.test.autoconfigure.json.JsonTestContextBootstrapper - @TestExecutionListeners is not present for class [org.example.catalogservice.web.BookJsonTests]: using defaults.
19:43:09.200 [Test worker] INFO org.springframework.boot.test.autoconfigure.json.JsonTestContextBootstrapper - Loaded default TestExecutionListener class names from location [META-INF/spring.factories]: [org.springframework.boot.test.autoconfigure.restdocs.RestDocsTestExecutionListener, org.springframework.boot.test.autoconfigure.web.client.MockRestServiceServerResetTestExecutionListener, org.springframework.boot.test.autoconfigure.web.servlet.MockMvcPrintOnlyOnFailureTestExecutionListener, org.springframework.boot.test.autoconfigure.web.servlet.WebDriverTestExecutionListener, org.springframework.boot.test.autoconfigure.webservices.client.MockWebServiceServerTestExecutionListener, org.springframework.boot.test.mock.mockito.MockitoTestExecutionListener, org.springframework.boot.test.mock.mockito.ResetMocksTestExecutionListener, org.springframework.test.context.web.ServletTestExecutionListener, org.springframework.test.context.support.DirtiesContextBeforeModesTestExecutionListener, org.springframework.test.context.event.ApplicationEventsTestExecutionListener, org.springframework.test.context.support.DependencyInjectionTestExecutionListener, org.springframework.test.context.support.DirtiesContextTestExecutionListener, org.springframework.test.context.transaction.TransactionalTestExecutionListener, org.springframework.test.context.jdbc.SqlScriptsTestExecutionListener, org.springframework.test.context.event.EventPublishingTestExecutionListener]
19:43:09.527 [Test worker] INFO org.springframework.boot.test.autoconfigure.json.JsonTestContextBootstrapper - Using TestExecutionListeners: [org.springframework.test.context.web.ServletTestExecutionListener@674658f7, org.springframework.test.context.support.DirtiesContextBeforeModesTestExecutionListener@5c8eee0f, org.springframework.test.context.event.ApplicationEventsTestExecutionListener@565b064f, org.springframework.boot.test.mock.mockito.MockitoTestExecutionListener@26425897, org.springframework.boot.test.autoconfigure.SpringBootDependencyInjectionTestExecutionListener@73163d48, org.springframework.test.context.support.DirtiesContextTestExecutionListener@58c34bb3, org.springframework.test.context.transaction.TransactionalTestExecutionListener@56a4479a, org.springframework.test.context.jdbc.SqlScriptsTestExecutionListener@62163b39, org.springframework.test.context.event.EventPublishingTestExecutionListener@20a8a64e, org.springframework.boot.test.autoconfigure.restdocs.RestDocsTestExecutionListener@62f4ff3b, org.springframework.boot.test.autoconfigure.web.client.MockRestServiceServerResetTestExecutionListener@1698fc68, org.springframework.boot.test.autoconfigure.web.servlet.MockMvcPrintOnlyOnFailureTestExecutionListener@4504d271, org.springframework.boot.test.autoconfigure.web.servlet.WebDriverTestExecutionListener@207b8649, org.springframework.boot.test.autoconfigure.webservices.client.MockWebServiceServerTestExecutionListener@65b3a85a, org.springframework.boot.test.mock.mockito.ResetMocksTestExecutionListener@34997338]
19:43:09.617 [Test worker] DEBUG org.springframework.test.context.support.AbstractDirtiesContextTestExecutionListener - Before test class: context [DefaultTestContext@30bcf3c1 testClass = BookJsonTests, testInstance = [null], testMethod = [null], testException = [null], mergedContextConfiguration = [MergedContextConfiguration@2a3c96e3 testClass = BookJsonTests, locations = '{}', classes = '{class org.example.Main}', contextInitializerClasses = '[]', activeProfiles = '{}', propertySourceLocations = '{}', propertySourceProperties = '{org.springframework.boot.test.autoconfigure.json.JsonTestContextBootstrapper=true}', contextCustomizers = set[org.springframework.boot.test.autoconfigure.OverrideAutoConfigurationContextCustomizerFactory$DisableAutoConfigurationContextCustomizer@6436a7db, org.springframework.boot.test.autoconfigure.actuate.metrics.MetricsExportContextCustomizerFactory$DisableMetricExportContextCustomizer@16fdec90, org.springframework.boot.test.autoconfigure.filter.TypeExcludeFiltersContextCustomizer@e336087a, org.springframework.boot.test.autoconfigure.properties.PropertyMappingContextCustomizer@6a686a01, org.springframework.boot.test.autoconfigure.web.servlet.WebDriverContextCustomizerFactory$Customizer@22295ec4, [ImportsContextCustomizer@15cafec7 key = [org.springframework.boot.autoconfigure.cache.CacheAutoConfiguration, org.springframework.boot.autoconfigure.gson.GsonAutoConfiguration, org.springframework.boot.autoconfigure.jackson.JacksonAutoConfiguration, org.springframework.boot.autoconfigure.jsonb.JsonbAutoConfiguration, org.springframework.boot.test.autoconfigure.json.JsonTestersAutoConfiguration]], org.springframework.boot.test.context.filter.ExcludeFilterContextCustomizer@623e088f, org.springframework.boot.test.json.DuplicateJsonObjectContextCustomizerFactory$DuplicateJsonObjectContextCustomizer@2fc6f97f, org.springframework.boot.test.mock.mockito.MockitoContextCustomizer@0, org.springframework.boot.test.context.SpringBootTestArgs@1, org.springframework.boot.test.context.SpringBootTestWebEnvironment@0], contextLoader = 'org.springframework.boot.test.context.SpringBootContextLoader', parent = [null]], attributes = map[[empty]]], class annotated with @DirtiesContext [false] with mode [null].
19:43:09.879 [Test worker] DEBUG org.springframework.test.context.support.DependencyInjectionTestExecutionListener - Performing dependency injection for test context [[DefaultTestContext@30bcf3c1 testClass = BookJsonTests, testInstance = org.example.catalogservice.web.BookJsonTests@41813449, testMethod = [null], testException = [null], mergedContextConfiguration = [MergedContextConfiguration@2a3c96e3 testClass = BookJsonTests, locations = '{}', classes = '{class org.example.Main}', contextInitializerClasses = '[]', activeProfiles = '{}', propertySourceLocations = '{}', propertySourceProperties = '{org.springframework.boot.test.autoconfigure.json.JsonTestContextBootstrapper=true}', contextCustomizers = set[org.springframework.boot.test.autoconfigure.OverrideAutoConfigurationContextCustomizerFactory$DisableAutoConfigurationContextCustomizer@6436a7db, org.springframework.boot.test.autoconfigure.actuate.metrics.MetricsExportContextCustomizerFactory$DisableMetricExportContextCustomizer@16fdec90, org.springframework.boot.test.autoconfigure.filter.TypeExcludeFiltersContextCustomizer@e336087a, org.springframework.boot.test.autoconfigure.properties.PropertyMappingContextCustomizer@6a686a01, org.springframework.boot.test.autoconfigure.web.servlet.WebDriverContextCustomizerFactory$Customizer@22295ec4, [ImportsContextCustomizer@15cafec7 key = [org.springframework.boot.autoconfigure.cache.CacheAutoConfiguration, org.springframework.boot.autoconfigure.gson.GsonAutoConfiguration, org.springframework.boot.autoconfigure.jackson.JacksonAutoConfiguration, org.springframework.boot.autoconfigure.jsonb.JsonbAutoConfiguration, org.springframework.boot.test.autoconfigure.json.JsonTestersAutoConfiguration]], org.springframework.boot.test.context.filter.ExcludeFilterContextCustomizer@623e088f, org.springframework.boot.test.json.DuplicateJsonObjectContextCustomizerFactory$DuplicateJsonObjectContextCustomizer@2fc6f97f, org.springframework.boot.test.mock.mockito.MockitoContextCustomizer@0, org.springframework.boot.test.context.SpringBootTestArgs@1, org.springframework.boot.test.context.SpringBootTestWebEnvironment@0], contextLoader = 'org.springframework.boot.test.context.SpringBootContextLoader', parent = [null]], attributes = map['org.springframework.test.context.event.ApplicationEventsTestExecutionListener.recordApplicationEvents' -> false]]].

  .   ____          _            __ _ _
 /\\ / ___'_ __ _ _(_)_ __  __ _ \ \ \ \
( ( )\___ | '_ | '_| | '_ \/ _` | \ \ \ \
 \\/  ___)| |_)| | | | | || (_| |  ) ) ) )
  '  |____| .__|_| |_|_| |_\__, | / / / /
 =========|_|==============|___/=/_/_/_/
 :: Spring Boot ::                (v2.7.3)

2023-02-07 19:43:26.458  INFO 185972 --- [    Test worker] o.e.catalogservice.web.BookJsonTests     : Starting BookJsonTests using Java 17.0.5 on DESKTOP-EDQVJOM with PID 185972 (started by yang_li in /mnt/f/code-excercise/spring/cloud-native-spring-in-action/ch02/catalog-service)
2023-02-07 19:43:26.471  INFO 185972 --- [    Test worker] o.e.catalogservice.web.BookJsonTests     : No active profile set, falling back to 1 default profile: "default"
2023-02-07 19:43:26.819  INFO 185972 --- [    Test worker] o.s.c.c.c.ConfigServerConfigDataLoader   : Fetching config from server at : http://localhost:8888
2023-02-07 19:43:26.820  INFO 185972 --- [    Test worker] o.s.c.c.c.ConfigServerConfigDataLoader   : Located environment: name=catalog-service, profiles=[default], label=null, version=aae2945033e939eef2dce127c54405d3f1ca0616, state=null
2023-02-07 19:43:37.060  INFO 185972 --- [    Test worker] o.e.catalogservice.web.BookJsonTests     : Started BookJsonTests in 26.412 seconds (JVM running for 37.581)
]]></system-out>
  <system-err><![CDATA[]]></system-err>
</testsuite>
